<?xml version="1.0" encoding="UTF-8"?>
<!-- Generated by org.testng.reporters.JUnitReportReporter -->
<testsuite skipped="0" hostname="Thinkpad-PC" name="com.logili.tv.PositiveTests" tests="1" failures="0" timestamp="10 Feb 2019 22:46:35 GMT" time="13.318" errors="0">
  <testcase name="logInTest" time="13.318" classname="com.logili.tv.PositiveTests"/>
</testsuite> <!-- com.logili.tv.PositiveTests -->
