<?xml version="1.0" encoding="UTF-8"?>
<!-- Generated by org.testng.reporters.JUnitReportReporter -->
<testsuite skipped="0" hostname="Thinkpad-PC" name="com.logili.tv.ExceptionDemo" tests="1" failures="0" timestamp="11 Feb 2019 05:49:05 GMT" time="15.397" errors="0">
  <testcase name="logInTest" time="15.397" classname="com.logili.tv.ExceptionDemo"/>
</testsuite> <!-- com.logili.tv.ExceptionDemo -->
