<?xml version="1.0" encoding="UTF-8"?>
<!-- Generated by org.testng.reporters.JUnitReportReporter -->
<testsuite skipped="0" hostname="Thinkpad-PC" name="com.logili.tv.NegativeTests" tests="2" failures="0" timestamp="10 Feb 2019 20:11:28 GMT" time="32.421" errors="0">
  <testcase name="negativeTest" time="17.293" classname="com.logili.tv.NegativeTests"/>
  <testcase name="negativeTest" time="15.128" classname="com.logili.tv.NegativeTests"/>
</testsuite> <!-- com.logili.tv.NegativeTests -->
